\BOOKMARK [1][]{section.1}{\376\377\0001\000\040\000I\000n\000t\000r\000o\000d\000u\000c\000t\000i\000o\000n}{}% 1
\BOOKMARK [1][]{section.2}{\376\377\0002\000\040\000B\000a\000c\000k\000g\000r\000o\000u\000n\000d}{}% 2
\BOOKMARK [2][]{subsection.2.1}{\376\377\0002\000.\0001\000\040\000T\000y\000p\000e\000s\000\040\000o\000f\000\040\000A\000n\000o\000m\000a\000l\000i\000e\000s\000\040\000i\000n\000\040\000H\000i\000g\000h\000\040\000D\000i\000m\000e\000n\000s\000i\000o\000n\000a\000l\000\040\000D\000a\000t\000a}{section.2}% 3
\BOOKMARK [2][]{subsection.2.2}{\376\377\0002\000.\0002\000\040\000D\000e\000f\000i\000n\000i\000t\000i\000o\000n\000s\000\040\000f\000o\000r\000\040\000A\000n\000o\000m\000a\000l\000i\000e\000s\000\040\000i\000n\000\040\000H\000i\000g\000h\000\040\000D\000i\000m\000e\000n\000s\000i\000o\000n\000a\000l\000\040\000D\000a\000t\000a}{section.2}% 4
\BOOKMARK [1][]{section.3}{\376\377\0003\000\040\000L\000i\000m\000i\000t\000a\000t\000i\000o\000n\000s\000\040\000o\000f\000\040\000H\000D\000o\000u\000t\000l\000i\000e\000r\000s\000\040\000A\000l\000g\000o\000r\000i\000t\000h\000m}{}% 5
\BOOKMARK [2][]{subsection.3.1}{\376\377\0003\000.\0001\000\040\000H\000D\000o\000u\000t\000l\000i\000e\000r\000s\000\040\000U\000s\000e\000s\000\040\000O\000n\000l\000y\000\040\000t\000h\000e\000\040\000N\000e\000a\000r\000e\000s\000t\000\040\000N\000e\000i\000g\000h\000b\000o\000u\000r\000\040\000D\000i\000s\000t\000a\000n\000c\000e\000\040\000t\000o\000\040\000D\000i\000s\000c\000r\000i\000m\000i\000n\000a\000t\000e\000\040\000A\000n\000o\000m\000a\000l\000i\000e\000s}{section.3}% 6
\BOOKMARK [2][]{subsection.3.2}{\376\377\0003\000.\0002\000\040\000P\000r\000o\000b\000l\000e\000m\000s\000\040\000D\000u\000e\000\040\000t\000o\000\040\000C\000l\000u\000s\000t\000e\000r\000i\000n\000g\000\040\000V\000i\000a\000\040\000L\000e\000a\000d\000e\000r\000\040\000A\000l\000g\000o\000r\000i\000t\000h\000m}{section.3}% 7
\BOOKMARK [2][]{subsection.3.3}{\376\377\0003\000.\0003\000\040\000P\000r\000o\000b\000l\000e\000m\000\040\000w\000i\000t\000h\000\040\000T\000h\000r\000e\000s\000h\000o\000l\000d\000\040\000C\000a\000l\000c\000u\000l\000a\000t\000i\000o\000n}{section.3}% 8
\BOOKMARK [1][]{section.4}{\376\377\0004\000\040\000P\000r\000o\000p\000o\000s\000e\000d\000\040\000I\000m\000p\000r\000o\000v\000e\000d\000\040\000A\000l\000g\000o\000r\000i\000t\000h\000m\000:\000\040\000s\000t\000r\000a\000y\000\040\000A\000l\000g\000o\000r\000i\000t\000h\000m}{}% 9
\BOOKMARK [2][]{subsection.4.1}{\376\377\0004\000.\0001\000\040\000I\000n\000p\000u\000t\000\040\000t\000o\000\040\000t\000h\000e\000\040\000s\000t\000r\000a\000y\000\040\000A\000l\000g\000o\000r\000i\000t\000h\000m}{section.4}% 10
\BOOKMARK [2][]{subsection.4.2}{\376\377\0004\000.\0002\000\040\000N\000o\000r\000m\000a\000l\000i\000s\000e\000\040\000t\000h\000e\000\040\000C\000o\000l\000u\000m\000n\000s}{section.4}% 11
\BOOKMARK [2][]{subsection.4.3}{\376\377\0004\000.\0003\000\040\000N\000e\000a\000r\000e\000s\000t\000\040\000N\000e\000i\000g\000h\000b\000o\000u\000r\000\040\000S\000e\000a\000r\000c\000h\000i\000n\000g}{section.4}% 12
\BOOKMARK [2][]{subsection.4.4}{\376\377\0004\000.\0004\000\040\000T\000h\000r\000e\000s\000h\000o\000l\000d\000\040\000C\000a\000l\000c\000u\000l\000a\000t\000i\000o\000n}{section.4}% 13
\BOOKMARK [2][]{subsection.4.5}{\376\377\0004\000.\0005\000\040\000O\000u\000t\000p\000u\000t}{section.4}% 14
\BOOKMARK [1][]{section.5}{\376\377\0005\000\040\000E\000x\000p\000e\000r\000i\000m\000e\000n\000t\000s}{}% 15
\BOOKMARK [1][]{section.6}{\376\377\0006\000\040\000U\000s\000a\000g\000e}{}% 16
\BOOKMARK [2][]{subsection.6.1}{\376\377\0006\000.\0001\000\040\000H\000a\000n\000d\000l\000i\000n\000g\000\040\000T\000e\000m\000p\000o\000r\000a\000l\000\040\000D\000a\000t\000a}{section.6}% 17
\BOOKMARK [2][]{subsection.6.2}{\376\377\0006\000.\0002\000\040\000H\000a\000n\000d\000l\000i\000n\000g\000\040\000S\000t\000r\000e\000a\000m\000i\000n\000g\000\040\000D\000a\000t\000a}{section.6}% 18
\BOOKMARK [1][]{section.7}{\376\377\0007\000\040\000C\000o\000n\000c\000l\000u\000s\000i\000o\000n\000s\000\040\000a\000n\000d\000\040\000F\000u\000r\000t\000h\000e\000r\000\040\000R\000e\000s\000e\000a\000r\000c\000h}{}% 19
\BOOKMARK [1][]{section.7}{\376\377\000S\000u\000p\000p\000l\000e\000m\000e\000n\000t\000a\000r\000y\000\040\000M\000a\000t\000e\000r\000i\000a\000l\000s}{}% 20
\BOOKMARK [1][]{section.7}{\376\377\000A\000c\000k\000n\000o\000w\000l\000e\000d\000g\000e\000m\000e\000n\000t\000s}{}% 21
